[debug] > Exec(early(addDefaultCommands), None, None)
[debug] > Exec(addDefaultCommands, None, None)
[debug] > Exec(early(initialize), None, None)
[debug] > Exec(initialize, None, None)
[debug] > Exec(early(addPluginSbtFile="""C:\Users\Renko\AppData\Local\Temp\idea.sbt"""), None, None)
[debug] > Exec(addPluginSbtFile="""C:\Users\Renko\AppData\Local\Temp\idea.sbt""", None, None)
[debug] > Exec(boot, None, None)
[debug] > Exec(writeSbtVersion, None, None)
[debug] > Exec(reload, None, None)
[debug] > Exec(sbtStashOnFailure, None, None)
[debug] > Exec(onFailure loadFailed, None, None)
[debug] > Exec(loadp, None, None)
[info] welcome to sbt 1.4.1 (AdoptOpenJDK Java 11.0.8)
[debug]       Load.loadUnit: plugins took 159.1373ms
[debug]       Load.loadUnit: defsScala took 0.353ms
[debug] [Loading] Scanning directory C:\Users\Renko\.sbt\1.0\plugins
[debug] [Loading] Found non-root projects 
[debug] [Loading] Done in C:\Users\Renko\.sbt\1.0\plugins, returning: ()
[debug] deducing auto plugins based on known facts Set(Atom(sbt.plugins.CorePlugin)) and clauses Clauses(List(Clause(Atom(sbt.plugins.JvmPlugin),Set(Atom(sbt.plugins.IvyPlugin))), Clause(Atom(sbt.ScriptedPlugin),Set(Atom(sbt.plugins.JvmPlugin))), Clause(Atom(sbt.plugins.SbtPlugin),Set(Atom(sbt.ScriptedPlugin))), Clause(Atom(sbt.plugins.SemanticdbPlugin),Set(Atom(sbt.plugins.JvmPlugin))), Clause(Atom(sbt.plugins.JUnitXmlReportPlugin),Set(Atom(sbt.plugins.JvmPlugin))), Clause(Atom(sbt.plugins.MiniDependencyTreePlugin),Set(Atom(sbt.plugins.JvmPlugin))), Clause(Atom(sbt.plugins.CorePlugin),Set(Atom(sbt.plugins.IvyPlugin))), Clause(Atom(sbt.plugins.IvyPlugin),Set(Atom(sbt.plugins.JvmPlugin))), Clause(Atom(sbt.plugins.JvmPlugin),Set(Atom(sbt.plugins.SemanticdbPlugin))), Clause(Atom(sbt.plugins.JvmPlugin),Set(Atom(sbt.plugins.JUnitXmlReportPlugin))), Clause(Atom(sbt.plugins.CorePlugin),Set(Atom(sbt.plugins.Giter8TemplatePlugin))), Clause(Atom(sbt.plugins.JvmPlugin),Set(Atom(sbt.plugins.MiniDependencyTreePlugin)))))
[debug]   :: deduced result: Matched(sbt.plugins.CorePlugin,sbt.plugins.Giter8TemplatePlugin,sbt.plugins.IvyPlugin,sbt.plugins.JvmPlugin,sbt.plugins.MiniDependencyTreePlugin,sbt.plugins.JUnitXmlReportPlugin,sbt.plugins.SemanticdbPlugin)
[debug] Plugins.deducer#function took 25.4656 ms
[debug]           Load.resolveProject(global-plugins) took 44.2433ms
[debug]         Load.loadTransitive: finalizeProject(Project(id global-plugins, base: C:\Users\Renko\.sbt\1.0\plugins, plugins: List(<none>))) took 109.9043ms
[debug] [Loading] Done in C:\Users\Renko\.sbt\1.0\plugins, returning: (global-plugins)
[debug]       Load.loadUnit: loadedProjectsRaw took 135.7532ms
[debug]       Load.loadUnit: cleanEvalClasses took 0.2147ms
[debug]     Load.loadUnit(file:/C:/Users/Renko/.sbt/1.0/plugins/, ...) took 306.3226ms
[debug]   Load.apply: load took 528.2266ms
[debug]   Load.apply: resolveProjects took 5.4162ms
[debug]   Load.apply: finalTransforms took 76.4954ms
[debug]   Load.apply: config.delegates took 6.7448ms
[debug]   Load.apply: Def.make(settings)... took 867.7393ms
[debug]   Load.apply: structureIndex took 115.6531ms
[debug]   Load.apply: mkStreams took 1.3827ms
[info] loading global plugins from C:\Users\Renko\.sbt\1.0\plugins
[debug] Running task... Cancel: Signal, check cycles: false, forcegc: true
[debug] Load.defaultLoad until apply took 4446.1828ms
[debug]           Load.loadUnit: plugins took 21.8416ms
[debug]           Load.loadUnit: defsScala took 0.0024ms
[debug] [Loading] Scanning directory C:\Users\Renko\IdeaProjects\TestProject\project
[debug]             Load.loadUnit: mkEval took 6.038ms
[debug] [Loading] Found non-root projects 
[debug] [Loading] Done in C:\Users\Renko\IdeaProjects\TestProject\project, returning: ()
[debug] deducing auto plugins based on known facts Set(Atom(sbt.plugins.CorePlugin)) and clauses Clauses(List(Clause(Atom(sbt.plugins.JvmPlugin),Set(Atom(sbt.plugins.IvyPlugin))), Clause(Atom(sbt.ScriptedPlugin),Set(Atom(sbt.plugins.JvmPlugin))), Clause(Atom(sbt.plugins.SbtPlugin),Set(Atom(sbt.ScriptedPlugin))), Clause(Atom(sbt.plugins.SemanticdbPlugin),Set(Atom(sbt.plugins.JvmPlugin))), Clause(Atom(sbt.plugins.JUnitXmlReportPlugin),Set(Atom(sbt.plugins.JvmPlugin))), Clause(Atom(sbt.plugins.MiniDependencyTreePlugin),Set(Atom(sbt.plugins.JvmPlugin))), Clause(Atom(sbt.plugins.CorePlugin),Set(Atom(sbt.plugins.IvyPlugin))), Clause(Atom(sbt.plugins.IvyPlugin),Set(Atom(sbt.plugins.JvmPlugin))), Clause(Atom(sbt.plugins.JvmPlugin),Set(Atom(sbt.plugins.SemanticdbPlugin))), Clause(Atom(sbt.plugins.JvmPlugin),Set(Atom(sbt.plugins.JUnitXmlReportPlugin))), Clause(Atom(sbt.plugins.CorePlugin),Set(Atom(sbt.plugins.Giter8TemplatePlugin))), Clause(Atom(sbt.plugins.JvmPlugin),Set(Atom(sbt.plugins.MiniDependencyTreePlugin)))))
[debug]   :: deduced result: Matched(sbt.plugins.CorePlugin,sbt.plugins.Giter8TemplatePlugin,sbt.plugins.IvyPlugin,sbt.plugins.JvmPlugin,sbt.plugins.MiniDependencyTreePlugin,sbt.plugins.JUnitXmlReportPlugin,sbt.plugins.SemanticdbPlugin)
[debug] Plugins.deducer#function took 1.353 ms
[info] loading settings for project testproject-build from idea.sbt ...
[debug]               Load.resolveProject(testproject-build) took 5.3992ms
[debug]             Load.loadTransitive: finalizeProject(Project(id testproject-build, base: C:\Users\Renko\IdeaProjects\TestProject\project, plugins: List(<none>))) took 7.2544ms
[debug] [Loading] Done in C:\Users\Renko\IdeaProjects\TestProject\project, returning: (testproject-build)
[debug]           Load.loadUnit: loadedProjectsRaw took 1819.4616ms
[debug]           Load.loadUnit: cleanEvalClasses took 5.6016ms
[debug]         Load.loadUnit(file:/C:/Users/Renko/IdeaProjects/TestProject/project/, ...) took 1847.733ms
[debug]       Load.apply: load took 1849.4353ms
[debug]       Load.apply: resolveProjects took 0.1272ms
[debug]       Load.apply: finalTransforms took 9.0687ms
[debug]       Load.apply: config.delegates took 0.3228ms
[debug]       Load.apply: Def.make(settings)... took 51.4556ms
[debug]       Load.apply: structureIndex took 19.116ms
[debug]       Load.apply: mkStreams took 0.0025ms
[info] loading project definition from C:\Users\Renko\IdeaProjects\TestProject\project
[debug] Running task... Cancel: Signal, check cycles: false, forcegc: true
